<?xml version="1.0" encoding="UTF-8"?>
<testsuite name="com.ks.shorturl.util.UrlHelperTest" time="0.172" tests="3" errors="0" skipped="0" failures="0">
  <properties>
[...]
</properties>
  <testcase name="testUrlValidation_withValidUrl" classname="com.ks.shorturl.util.UrlHelperTest" time="0.167"/>
  <testcase name="testUrlValidation_withInvalidUrl" classname="com.ks.shorturl.util.UrlHelperTest" time="0"/>
  <testcase name="testGenerateHash" classname="com.ks.shorturl.util.UrlHelperTest" time="0.005"/>
</testsuite>